2022-09-05 17:14:06,028 INFO com.techtree.ttshoppingcart.TtshoppingcartApplication [main] Starting TtshoppingcartApplication using Java 17.0.2 on ttblrlinsys-089 with PID 39932 (/home/prasannaacharya/Documents/framework/ttshoppingcart/target/classes started by prasannaacharya in /home/prasannaacharya/Documents/framework/ttshoppingcart)
2022-09-05 17:14:06,029 INFO com.techtree.ttshoppingcart.TtshoppingcartApplication [main] No active profile set, falling back to 1 default profile: "default"
2022-09-05 17:14:06,351 INFO org.springframework.data.repository.config.RepositoryConfigurationDelegate [main] Bootstrapping Spring Data JPA repositories in DEFAULT mode.
2022-09-05 17:14:06,382 INFO org.springframework.data.repository.config.RepositoryConfigurationDelegate [main] Finished Spring Data repository scanning in 25 ms. Found 2 JPA repository interfaces.
2022-09-05 17:14:06,816 INFO org.springframework.boot.web.embedded.tomcat.TomcatWebServer [main] Tomcat initialized with port(s): 7091 (http)
2022-09-05 17:14:06,824 INFO org.apache.coyote.http11.Http11NioProtocol [main] Initializing ProtocolHandler ["http-nio-7091"]
2022-09-05 17:14:06,824 INFO org.apache.catalina.core.StandardService [main] Starting service [Tomcat]
2022-09-05 17:14:06,825 INFO org.apache.catalina.core.StandardEngine [main] Starting Servlet engine: [Apache Tomcat/9.0.65]
2022-09-05 17:14:06,885 INFO org.apache.catalina.core.ContainerBase.[Tomcat].[localhost].[/] [main] Initializing Spring embedded WebApplicationContext
2022-09-05 17:14:06,885 INFO org.springframework.boot.web.servlet.context.ServletWebServerApplicationContext [main] Root WebApplicationContext: initialization completed in 810 ms
2022-09-05 17:14:06,999 INFO org.hibernate.jpa.internal.util.LogHelper [main] HHH000204: Processing PersistenceUnitInfo [name: default]
2022-09-05 17:14:07,026 INFO org.hibernate.Version [main] HHH000412: Hibernate ORM core version 5.6.10.Final
2022-09-05 17:14:07,125 INFO org.hibernate.annotations.common.Version [main] HCANN000001: Hibernate Commons Annotations {5.1.2.Final}
2022-09-05 17:14:07,186 INFO com.zaxxer.hikari.HikariDataSource [main] HikariPool-1 - Starting...
2022-09-05 17:14:07,416 INFO com.zaxxer.hikari.HikariDataSource [main] HikariPool-1 - Start completed.
2022-09-05 17:14:07,426 INFO org.hibernate.dialect.Dialect [main] HHH000400: Using dialect: org.hibernate.dialect.MySQL8Dialect
2022-09-05 17:14:07,876 INFO org.hibernate.engine.transaction.jta.platform.internal.JtaPlatformInitiator [main] HHH000490: Using JtaPlatform implementation: [org.hibernate.engine.transaction.jta.platform.internal.NoJtaPlatform]
2022-09-05 17:14:07,884 INFO org.springframework.orm.jpa.LocalContainerEntityManagerFactoryBean [main] Initialized JPA EntityManagerFactory for persistence unit 'default'
2022-09-05 17:14:08,166 WARN org.springframework.boot.autoconfigure.orm.jpa.JpaBaseConfiguration$JpaWebConfiguration [main] spring.jpa.open-in-view is enabled by default. Therefore, database queries may be performed during view rendering. Explicitly configure spring.jpa.open-in-view to disable this warning
2022-09-05 17:14:08,401 INFO org.apache.coyote.http11.Http11NioProtocol [main] Starting ProtocolHandler ["http-nio-7091"]
2022-09-05 17:14:08,412 INFO org.springframework.boot.web.embedded.tomcat.TomcatWebServer [main] Tomcat started on port(s): 7091 (http) with context path ''
2022-09-05 17:14:08,422 INFO com.techtree.ttshoppingcart.TtshoppingcartApplication [main] Started TtshoppingcartApplication in 2.625 seconds (JVM running for 3.154)
2022-09-05 17:35:16,438 INFO org.springframework.boot.admin.SpringApplicationAdminMXBeanRegistrar$SpringApplicationAdmin [RMI TCP Connection(23)-127.0.0.1] Application shutdown requested.
2022-09-05 17:35:16,443 INFO org.apache.coyote.http11.Http11NioProtocol [RMI TCP Connection(23)-127.0.0.1] Pausing ProtocolHandler ["http-nio-7091"]
2022-09-05 17:35:16,443 INFO org.apache.catalina.core.StandardService [RMI TCP Connection(23)-127.0.0.1] Stopping service [Tomcat]
2022-09-05 17:35:16,446 INFO org.apache.coyote.http11.Http11NioProtocol [RMI TCP Connection(23)-127.0.0.1] Stopping ProtocolHandler ["http-nio-7091"]
2022-09-05 17:35:16,447 INFO org.apache.coyote.http11.Http11NioProtocol [RMI TCP Connection(23)-127.0.0.1] Destroying ProtocolHandler ["http-nio-7091"]
2022-09-05 17:35:16,449 INFO org.springframework.orm.jpa.LocalContainerEntityManagerFactoryBean [RMI TCP Connection(23)-127.0.0.1] Closing JPA EntityManagerFactory for persistence unit 'default'
2022-09-05 17:35:16,451 INFO com.zaxxer.hikari.HikariDataSource [RMI TCP Connection(23)-127.0.0.1] HikariPool-1 - Shutdown initiated...
2022-09-05 17:35:16,455 INFO com.zaxxer.hikari.HikariDataSource [RMI TCP Connection(23)-127.0.0.1] HikariPool-1 - Shutdown completed.
2022-09-05 17:35:18,844 INFO com.techtree.ttshoppingcart.TtshoppingcartApplication [main] Starting TtshoppingcartApplication using Java 17.0.2 on ttblrlinsys-089 with PID 40945 (/home/prasannaacharya/Documents/framework/ttshoppingcart/target/classes started by prasannaacharya in /home/prasannaacharya/Documents/framework/ttshoppingcart)
2022-09-05 17:35:18,846 INFO com.techtree.ttshoppingcart.TtshoppingcartApplication [main] No active profile set, falling back to 1 default profile: "default"
2022-09-05 17:35:19,132 INFO org.springframework.data.repository.config.RepositoryConfigurationDelegate [main] Bootstrapping Spring Data JPA repositories in DEFAULT mode.
2022-09-05 17:35:19,167 INFO org.springframework.data.repository.config.RepositoryConfigurationDelegate [main] Finished Spring Data repository scanning in 29 ms. Found 2 JPA repository interfaces.
2022-09-05 17:35:19,607 INFO org.springframework.boot.web.embedded.tomcat.TomcatWebServer [main] Tomcat initialized with port(s): 7091 (http)
2022-09-05 17:35:19,617 INFO org.apache.coyote.http11.Http11NioProtocol [main] Initializing ProtocolHandler ["http-nio-7091"]
2022-09-05 17:35:19,617 INFO org.apache.catalina.core.StandardService [main] Starting service [Tomcat]
2022-09-05 17:35:19,617 INFO org.apache.catalina.core.StandardEngine [main] Starting Servlet engine: [Apache Tomcat/9.0.65]
2022-09-05 17:35:19,680 INFO org.apache.catalina.core.ContainerBase.[Tomcat].[localhost].[/] [main] Initializing Spring embedded WebApplicationContext
2022-09-05 17:35:19,680 INFO org.springframework.boot.web.servlet.context.ServletWebServerApplicationContext [main] Root WebApplicationContext: initialization completed in 800 ms
2022-09-05 17:35:19,799 INFO org.hibernate.jpa.internal.util.LogHelper [main] HHH000204: Processing PersistenceUnitInfo [name: default]
2022-09-05 17:35:19,826 INFO org.hibernate.Version [main] HHH000412: Hibernate ORM core version 5.6.10.Final
2022-09-05 17:35:19,918 INFO org.hibernate.annotations.common.Version [main] HCANN000001: Hibernate Commons Annotations {5.1.2.Final}
2022-09-05 17:35:19,988 INFO com.zaxxer.hikari.HikariDataSource [main] HikariPool-1 - Starting...
2022-09-05 17:35:20,221 INFO com.zaxxer.hikari.HikariDataSource [main] HikariPool-1 - Start completed.
2022-09-05 17:35:20,231 INFO org.hibernate.dialect.Dialect [main] HHH000400: Using dialect: org.hibernate.dialect.MySQL8Dialect
2022-09-05 17:35:20,705 INFO org.hibernate.engine.transaction.jta.platform.internal.JtaPlatformInitiator [main] HHH000490: Using JtaPlatform implementation: [org.hibernate.engine.transaction.jta.platform.internal.NoJtaPlatform]
2022-09-05 17:35:20,711 INFO org.springframework.orm.jpa.LocalContainerEntityManagerFactoryBean [main] Initialized JPA EntityManagerFactory for persistence unit 'default'
2022-09-05 17:35:20,995 WARN org.springframework.boot.autoconfigure.orm.jpa.JpaBaseConfiguration$JpaWebConfiguration [main] spring.jpa.open-in-view is enabled by default. Therefore, database queries may be performed during view rendering. Explicitly configure spring.jpa.open-in-view to disable this warning
2022-09-05 17:35:21,205 INFO org.apache.coyote.http11.Http11NioProtocol [main] Starting ProtocolHandler ["http-nio-7091"]
2022-09-05 17:35:21,216 INFO org.springframework.boot.web.embedded.tomcat.TomcatWebServer [main] Tomcat started on port(s): 7091 (http) with context path ''
2022-09-05 17:35:21,227 INFO com.techtree.ttshoppingcart.TtshoppingcartApplication [main] Started TtshoppingcartApplication in 2.616 seconds (JVM running for 3.181)
2022-09-05 17:36:00,001 INFO com.techtree.ttshoppingcart.service.impl.serviceimpl [scheduling-1] sheduler started at Mon Sep 05 17:36:00 IST 2022
2022-09-05 17:36:00,336 INFO com.techtree.ttshoppingcart.service.impl.serviceimpl [scheduling-1] the total updated 4
2022-09-05 17:57:31,884 INFO org.springframework.boot.admin.SpringApplicationAdminMXBeanRegistrar$SpringApplicationAdmin [RMI TCP Connection(25)-127.0.0.1] Application shutdown requested.
2022-09-05 17:57:31,890 INFO org.apache.coyote.http11.Http11NioProtocol [RMI TCP Connection(25)-127.0.0.1] Pausing ProtocolHandler ["http-nio-7091"]
2022-09-05 17:57:31,890 INFO org.apache.catalina.core.StandardService [RMI TCP Connection(25)-127.0.0.1] Stopping service [Tomcat]
2022-09-05 17:57:31,893 INFO org.apache.coyote.http11.Http11NioProtocol [RMI TCP Connection(25)-127.0.0.1] Stopping ProtocolHandler ["http-nio-7091"]
2022-09-05 17:57:31,895 INFO org.apache.coyote.http11.Http11NioProtocol [RMI TCP Connection(25)-127.0.0.1] Destroying ProtocolHandler ["http-nio-7091"]
2022-09-05 17:57:31,897 INFO org.springframework.orm.jpa.LocalContainerEntityManagerFactoryBean [RMI TCP Connection(25)-127.0.0.1] Closing JPA EntityManagerFactory for persistence unit 'default'
2022-09-05 17:57:31,898 INFO com.zaxxer.hikari.HikariDataSource [RMI TCP Connection(25)-127.0.0.1] HikariPool-1 - Shutdown initiated...
2022-09-05 17:57:31,903 INFO com.zaxxer.hikari.HikariDataSource [RMI TCP Connection(25)-127.0.0.1] HikariPool-1 - Shutdown completed.
2022-09-05 17:57:34,319 INFO com.techtree.ttshoppingcart.TtshoppingcartApplication [main] Starting TtshoppingcartApplication using Java 17.0.2 on ttblrlinsys-089 with PID 42531 (/home/prasannaacharya/Documents/framework/ttshoppingcart/target/classes started by prasannaacharya in /home/prasannaacharya/Documents/framework/ttshoppingcart)
2022-09-05 17:57:34,321 INFO com.techtree.ttshoppingcart.TtshoppingcartApplication [main] No active profile set, falling back to 1 default profile: "default"
2022-09-05 17:57:34,601 INFO org.springframework.data.repository.config.RepositoryConfigurationDelegate [main] Bootstrapping Spring Data JPA repositories in DEFAULT mode.
2022-09-05 17:57:34,630 INFO org.springframework.data.repository.config.RepositoryConfigurationDelegate [main] Finished Spring Data repository scanning in 23 ms. Found 2 JPA repository interfaces.
2022-09-05 17:57:35,045 INFO org.springframework.boot.web.embedded.tomcat.TomcatWebServer [main] Tomcat initialized with port(s): 7091 (http)
2022-09-05 17:57:35,052 INFO org.apache.coyote.http11.Http11NioProtocol [main] Initializing ProtocolHandler ["http-nio-7091"]
2022-09-05 17:57:35,052 INFO org.apache.catalina.core.StandardService [main] Starting service [Tomcat]
2022-09-05 17:57:35,052 INFO org.apache.catalina.core.StandardEngine [main] Starting Servlet engine: [Apache Tomcat/9.0.65]
2022-09-05 17:57:35,113 INFO org.apache.catalina.core.ContainerBase.[Tomcat].[localhost].[/] [main] Initializing Spring embedded WebApplicationContext
2022-09-05 17:57:35,113 INFO org.springframework.boot.web.servlet.context.ServletWebServerApplicationContext [main] Root WebApplicationContext: initialization completed in 755 ms
2022-09-05 17:57:35,223 INFO org.hibernate.jpa.internal.util.LogHelper [main] HHH000204: Processing PersistenceUnitInfo [name: default]
2022-09-05 17:57:35,249 INFO org.hibernate.Version [main] HHH000412: Hibernate ORM core version 5.6.10.Final
2022-09-05 17:57:35,340 INFO org.hibernate.annotations.common.Version [main] HCANN000001: Hibernate Commons Annotations {5.1.2.Final}
2022-09-05 17:57:35,398 INFO com.zaxxer.hikari.HikariDataSource [main] HikariPool-1 - Starting...
2022-09-05 17:57:35,640 INFO com.zaxxer.hikari.HikariDataSource [main] HikariPool-1 - Start completed.
2022-09-05 17:57:35,650 INFO org.hibernate.dialect.Dialect [main] HHH000400: Using dialect: org.hibernate.dialect.MySQL8Dialect
2022-09-05 17:57:36,114 INFO org.hibernate.engine.transaction.jta.platform.internal.JtaPlatformInitiator [main] HHH000490: Using JtaPlatform implementation: [org.hibernate.engine.transaction.jta.platform.internal.NoJtaPlatform]
2022-09-05 17:57:36,120 INFO org.springframework.orm.jpa.LocalContainerEntityManagerFactoryBean [main] Initialized JPA EntityManagerFactory for persistence unit 'default'
2022-09-05 17:57:36,379 WARN org.springframework.boot.autoconfigure.orm.jpa.JpaBaseConfiguration$JpaWebConfiguration [main] spring.jpa.open-in-view is enabled by default. Therefore, database queries may be performed during view rendering. Explicitly configure spring.jpa.open-in-view to disable this warning
2022-09-05 17:57:36,586 INFO org.apache.coyote.http11.Http11NioProtocol [main] Starting ProtocolHandler ["http-nio-7091"]
2022-09-05 17:57:36,597 INFO org.springframework.boot.web.embedded.tomcat.TomcatWebServer [main] Tomcat started on port(s): 7091 (http) with context path ''
2022-09-05 17:57:36,613 INFO com.techtree.ttshoppingcart.TtshoppingcartApplication [main] Started TtshoppingcartApplication in 2.534 seconds (JVM running for 3.174)
2022-09-05 17:58:00,005 INFO com.techtree.ttshoppingcart.service.impl.serviceimpl [scheduling-1] sheduler started at Mon Sep 05 17:58:00 IST 2022
2022-09-05 17:58:00,341 INFO com.techtree.ttshoppingcart.service.impl.serviceimpl [scheduling-1] the total no of user 4
2022-09-05 18:06:17,034 INFO com.techtree.ttshoppingcart.TtshoppingcartApplication [main] Starting TtshoppingcartApplication using Java 17.0.2 on ttblrlinsys-089 with PID 43119 (/home/prasannaacharya/Documents/framework/ttshoppingcart/target/classes started by prasannaacharya in /home/prasannaacharya/Documents/framework/ttshoppingcart)
2022-09-05 18:06:17,036 INFO com.techtree.ttshoppingcart.TtshoppingcartApplication [main] No active profile set, falling back to 1 default profile: "default"
2022-09-05 18:06:17,342 INFO org.springframework.data.repository.config.RepositoryConfigurationDelegate [main] Bootstrapping Spring Data JPA repositories in DEFAULT mode.
2022-09-05 18:06:17,378 INFO org.springframework.data.repository.config.RepositoryConfigurationDelegate [main] Finished Spring Data repository scanning in 29 ms. Found 2 JPA repository interfaces.
2022-09-05 18:06:17,833 INFO org.springframework.boot.web.embedded.tomcat.TomcatWebServer [main] Tomcat initialized with port(s): 7091 (http)
2022-09-05 18:06:17,848 INFO org.apache.coyote.http11.Http11NioProtocol [main] Initializing ProtocolHandler ["http-nio-7091"]
2022-09-05 18:06:17,849 INFO org.apache.catalina.core.StandardService [main] Starting service [Tomcat]
2022-09-05 18:06:17,849 INFO org.apache.catalina.core.StandardEngine [main] Starting Servlet engine: [Apache Tomcat/9.0.65]
2022-09-05 18:06:17,917 INFO org.apache.catalina.core.ContainerBase.[Tomcat].[localhost].[/] [main] Initializing Spring embedded WebApplicationContext
2022-09-05 18:06:17,917 INFO org.springframework.boot.web.servlet.context.ServletWebServerApplicationContext [main] Root WebApplicationContext: initialization completed in 844 ms
2022-09-05 18:06:18,037 INFO org.hibernate.jpa.internal.util.LogHelper [main] HHH000204: Processing PersistenceUnitInfo [name: default]
2022-09-05 18:06:18,065 INFO org.hibernate.Version [main] HHH000412: Hibernate ORM core version 5.6.10.Final
2022-09-05 18:06:18,160 INFO org.hibernate.annotations.common.Version [main] HCANN000001: Hibernate Commons Annotations {5.1.2.Final}
2022-09-05 18:06:18,231 INFO com.zaxxer.hikari.HikariDataSource [main] HikariPool-1 - Starting...
2022-09-05 18:06:18,472 INFO com.zaxxer.hikari.HikariDataSource [main] HikariPool-1 - Start completed.
2022-09-05 18:06:18,483 INFO org.hibernate.dialect.Dialect [main] HHH000400: Using dialect: org.hibernate.dialect.MySQL8Dialect
2022-09-05 18:06:18,584 ERROR org.springframework.orm.jpa.LocalContainerEntityManagerFactoryBean [main] Failed to initialize JPA EntityManagerFactory: @Column(s) not allowed on a @OneToOne property: com.techtree.ttshoppingcart.model.Wallets.USER_ID
2022-09-05 18:06:18,585 WARN org.springframework.boot.web.servlet.context.AnnotationConfigServletWebServerApplicationContext [main] Exception encountered during context initialization - cancelling refresh attempt: org.springframework.beans.factory.BeanCreationException: Error creating bean with name 'entityManagerFactory' defined in class path resource [org/springframework/boot/autoconfigure/orm/jpa/HibernateJpaConfiguration.class]: Invocation of init method failed; nested exception is org.hibernate.AnnotationException: @Column(s) not allowed on a @OneToOne property: com.techtree.ttshoppingcart.model.Wallets.USER_ID
2022-09-05 18:06:18,585 INFO com.zaxxer.hikari.HikariDataSource [main] HikariPool-1 - Shutdown initiated...
2022-09-05 18:06:18,592 INFO com.zaxxer.hikari.HikariDataSource [main] HikariPool-1 - Shutdown completed.
2022-09-05 18:06:18,594 INFO org.apache.catalina.core.StandardService [main] Stopping service [Tomcat]
2022-09-05 18:06:18,605 INFO org.springframework.boot.autoconfigure.logging.ConditionEvaluationReportLoggingListener [main] 

Error starting ApplicationContext. To display the conditions report re-run your application with 'debug' enabled.
2022-09-05 18:06:18,622 ERROR org.springframework.boot.SpringApplication [main] Application run failed
org.springframework.beans.factory.BeanCreationException: Error creating bean with name 'entityManagerFactory' defined in class path resource [org/springframework/boot/autoconfigure/orm/jpa/HibernateJpaConfiguration.class]: Invocation of init method failed; nested exception is org.hibernate.AnnotationException: @Column(s) not allowed on a @OneToOne property: com.techtree.ttshoppingcart.model.Wallets.USER_ID
	at org.springframework.beans.factory.support.AbstractAutowireCapableBeanFactory.initializeBean(AbstractAutowireCapableBeanFactory.java:1804)
	at org.springframework.beans.factory.support.AbstractAutowireCapableBeanFactory.doCreateBean(AbstractAutowireCapableBeanFactory.java:620)
	at org.springframework.beans.factory.support.AbstractAutowireCapableBeanFactory.createBean(AbstractAutowireCapableBeanFactory.java:542)
	at org.springframework.beans.factory.support.AbstractBeanFactory.lambda$doGetBean$0(AbstractBeanFactory.java:335)
	at org.springframework.beans.factory.support.DefaultSingletonBeanRegistry.getSingleton(DefaultSingletonBeanRegistry.java:234)
	at org.springframework.beans.factory.support.AbstractBeanFactory.doGetBean(AbstractBeanFactory.java:333)
	at org.springframework.beans.factory.support.AbstractBeanFactory.getBean(AbstractBeanFactory.java:208)
	at org.springframework.context.support.AbstractApplicationContext.getBean(AbstractApplicationContext.java:1154)
	at org.springframework.context.support.AbstractApplicationContext.finishBeanFactoryInitialization(AbstractApplicationContext.java:908)
	at org.springframework.context.support.AbstractApplicationContext.refresh(AbstractApplicationContext.java:583)
	at org.springframework.boot.web.servlet.context.ServletWebServerApplicationContext.refresh(ServletWebServerApplicationContext.java:147)
	at org.springframework.boot.SpringApplication.refresh(SpringApplication.java:734)
	at org.springframework.boot.SpringApplication.refreshContext(SpringApplication.java:408)
	at org.springframework.boot.SpringApplication.run(SpringApplication.java:308)
	at org.springframework.boot.SpringApplication.run(SpringApplication.java:1306)
	at org.springframework.boot.SpringApplication.run(SpringApplication.java:1295)
	at com.techtree.ttshoppingcart.TtshoppingcartApplication.main(TtshoppingcartApplication.java:13)
Caused by: org.hibernate.AnnotationException: @Column(s) not allowed on a @OneToOne property: com.techtree.ttshoppingcart.model.Wallets.USER_ID
	at org.hibernate.cfg.AnnotationBinder.processElementAnnotations(AnnotationBinder.java:1846)
	at org.hibernate.cfg.AnnotationBinder.processIdPropertiesIfNotAlready(AnnotationBinder.java:968)
	at org.hibernate.cfg.AnnotationBinder.bindClass(AnnotationBinder.java:793)
	at org.hibernate.boot.model.source.internal.annotations.AnnotationMetadataSourceProcessorImpl.processEntityHierarchies(AnnotationMetadataSourceProcessorImpl.java:225)
	at org.hibernate.boot.model.process.spi.MetadataBuildingProcess$1.processEntityHierarchies(MetadataBuildingProcess.java:239)
	at org.hibernate.boot.model.process.spi.MetadataBuildingProcess.complete(MetadataBuildingProcess.java:282)
	at org.hibernate.jpa.boot.internal.EntityManagerFactoryBuilderImpl.metadata(EntityManagerFactoryBuilderImpl.java:1460)
	at org.hibernate.jpa.boot.internal.EntityManagerFactoryBuilderImpl.build(EntityManagerFactoryBuilderImpl.java:1494)
	at org.springframework.orm.jpa.vendor.SpringHibernateJpaPersistenceProvider.createContainerEntityManagerFactory(SpringHibernateJpaPersistenceProvider.java:58)
	at org.springframework.orm.jpa.LocalContainerEntityManagerFactoryBean.createNativeEntityManagerFactory(LocalContainerEntityManagerFactoryBean.java:365)
	at org.springframework.orm.jpa.AbstractEntityManagerFactoryBean.buildNativeEntityManagerFactory(AbstractEntityManagerFactoryBean.java:409)
	at org.springframework.orm.jpa.AbstractEntityManagerFactoryBean.afterPropertiesSet(AbstractEntityManagerFactoryBean.java:396)
	at org.springframework.orm.jpa.LocalContainerEntityManagerFactoryBean.afterPropertiesSet(LocalContainerEntityManagerFactoryBean.java:341)
	at org.springframework.beans.factory.support.AbstractAutowireCapableBeanFactory.invokeInitMethods(AbstractAutowireCapableBeanFactory.java:1863)
	at org.springframework.beans.factory.support.AbstractAutowireCapableBeanFactory.initializeBean(AbstractAutowireCapableBeanFactory.java:1800)
	... 16 common frames omitted
2022-09-05 18:32:27,843 INFO org.springframework.boot.admin.SpringApplicationAdminMXBeanRegistrar$SpringApplicationAdmin [RMI TCP Connection(38)-127.0.0.1] Application shutdown requested.
2022-09-05 18:32:27,847 INFO org.apache.coyote.http11.Http11NioProtocol [RMI TCP Connection(38)-127.0.0.1] Pausing ProtocolHandler ["http-nio-7091"]
2022-09-05 18:32:27,847 INFO org.apache.catalina.core.StandardService [RMI TCP Connection(38)-127.0.0.1] Stopping service [Tomcat]
2022-09-05 18:32:27,850 INFO org.apache.coyote.http11.Http11NioProtocol [RMI TCP Connection(38)-127.0.0.1] Stopping ProtocolHandler ["http-nio-7091"]
2022-09-05 18:32:27,851 INFO org.apache.coyote.http11.Http11NioProtocol [RMI TCP Connection(38)-127.0.0.1] Destroying ProtocolHandler ["http-nio-7091"]
2022-09-05 18:32:27,853 INFO org.springframework.orm.jpa.LocalContainerEntityManagerFactoryBean [RMI TCP Connection(38)-127.0.0.1] Closing JPA EntityManagerFactory for persistence unit 'default'
2022-09-05 18:32:27,854 INFO com.zaxxer.hikari.HikariDataSource [RMI TCP Connection(38)-127.0.0.1] HikariPool-1 - Shutdown initiated...
2022-09-05 18:32:27,857 INFO com.zaxxer.hikari.HikariDataSource [RMI TCP Connection(38)-127.0.0.1] HikariPool-1 - Shutdown completed.
